<?xml version="1.0" encoding="UTF-8"?>
<testsuite xmlns:xsi="http://www.w3.org/2001/XMLSchema-instance" xsi:noNamespaceSchemaLocation="https://maven.apache.org/surefire/maven-surefire-plugin/xsd/surefire-test-report-3.0.xsd" version="3.0" name="com.myblog.controller.PostControllerIntegrationTest" time="1.595" tests="6" errors="0" skipped="0" failures="6">
  <properties>
[...]
</properties>
  <testcase name="testGetPostById" classname="com.myblog.controller.PostControllerIntegrationTest" time="0.13">
    <failure message="Status expected:&lt;201&gt; but was:&lt;500&gt;" type="java.lang.AssertionError"><![CDATA[java.lang.AssertionError: Status expected:<201> but was:<500>
	at org.springframework.test.util.AssertionErrors.fail(AssertionErrors.java:59)
	at org.springframework.test.util.AssertionErrors.assertEquals(AssertionErrors.java:122)
	at org.springframework.test.web.servlet.result.StatusResultMatchers.lambda$matcher$9(StatusResultMatchers.java:637)
	at org.springframework.test.web.servlet.MockMvc$1.andExpect(MockMvc.java:214)
	at com.myblog.controller.PostControllerIntegrationTest.testGetPostById(PostControllerIntegrationTest.java:97)
	at java.base/java.lang.reflect.Method.invoke(Method.java:580)
	at java.base/java.util.ArrayList.forEach(ArrayList.java:1596)
	at java.base/java.util.ArrayList.forEach(ArrayList.java:1596)
]]></failure>
    <system-out><![CDATA[18:56:50.743 [main] INFO  o.s.j.d.e.EmbeddedDatabaseFactory - Starting embedded database: url='jdbc:h2:mem:testdb;DB_CLOSE_DELAY=-1;DB_CLOSE_ON_EXIT=false', username='sa'
18:56:51.502 [main] INFO  o.s.mock.web.MockServletContext - Initializing Spring TestDispatcherServlet ''
18:56:51.503 [main] INFO  o.s.t.w.s.TestDispatcherServlet - Initializing Servlet ''
18:56:51.505 [main] INFO  o.s.t.w.s.TestDispatcherServlet - Completed initialization in 1 ms
18:56:51.575 [main] WARN  o.s.web.servlet.PageNotFound - No mapping for POST /api/posts
]]></system-out>
  </testcase>
  <testcase name="testGetPosts" classname="com.myblog.controller.PostControllerIntegrationTest" time="0.005">
    <failure message="Status expected:&lt;200&gt; but was:&lt;500&gt;" type="java.lang.AssertionError"><![CDATA[java.lang.AssertionError: Status expected:<200> but was:<500>
	at org.springframework.test.util.AssertionErrors.fail(AssertionErrors.java:59)
	at org.springframework.test.util.AssertionErrors.assertEquals(AssertionErrors.java:122)
	at org.springframework.test.web.servlet.result.StatusResultMatchers.lambda$matcher$9(StatusResultMatchers.java:637)
	at org.springframework.test.web.servlet.MockMvc$1.andExpect(MockMvc.java:214)
	at com.myblog.controller.PostControllerIntegrationTest.testGetPosts(PostControllerIntegrationTest.java:61)
	at java.base/java.lang.reflect.Method.invoke(Method.java:580)
	at java.base/java.util.ArrayList.forEach(ArrayList.java:1596)
	at java.base/java.util.ArrayList.forEach(ArrayList.java:1596)
]]></failure>
    <system-out><![CDATA[18:56:51.607 [main] INFO  o.s.mock.web.MockServletContext - Initializing Spring TestDispatcherServlet ''
18:56:51.607 [main] INFO  o.s.t.w.s.TestDispatcherServlet - Initializing Servlet ''
18:56:51.607 [main] INFO  o.s.t.w.s.TestDispatcherServlet - Completed initialization in 0 ms
18:56:51.608 [main] WARN  o.s.web.servlet.PageNotFound - No mapping for GET /api/posts
]]></system-out>
  </testcase>
  <testcase name="testUpdatePost" classname="com.myblog.controller.PostControllerIntegrationTest" time="0.008">
    <failure message="Status expected:&lt;201&gt; but was:&lt;500&gt;" type="java.lang.AssertionError"><![CDATA[java.lang.AssertionError: Status expected:<201> but was:<500>
	at org.springframework.test.util.AssertionErrors.fail(AssertionErrors.java:59)
	at org.springframework.test.util.AssertionErrors.assertEquals(AssertionErrors.java:122)
	at org.springframework.test.web.servlet.result.StatusResultMatchers.lambda$matcher$9(StatusResultMatchers.java:637)
	at org.springframework.test.web.servlet.MockMvc$1.andExpect(MockMvc.java:214)
	at com.myblog.controller.PostControllerIntegrationTest.testUpdatePost(PostControllerIntegrationTest.java:120)
	at java.base/java.lang.reflect.Method.invoke(Method.java:580)
	at java.base/java.util.ArrayList.forEach(ArrayList.java:1596)
	at java.base/java.util.ArrayList.forEach(ArrayList.java:1596)
]]></failure>
    <system-out><![CDATA[18:56:51.614 [main] INFO  o.s.mock.web.MockServletContext - Initializing Spring TestDispatcherServlet ''
18:56:51.614 [main] INFO  o.s.t.w.s.TestDispatcherServlet - Initializing Servlet ''
18:56:51.615 [main] INFO  o.s.t.w.s.TestDispatcherServlet - Completed initialization in 1 ms
18:56:51.617 [main] WARN  o.s.web.servlet.PageNotFound - No mapping for POST /api/posts
]]></system-out>
  </testcase>
  <testcase name="testIncrementLikes" classname="com.myblog.controller.PostControllerIntegrationTest" time="0.005">
    <failure message="Status expected:&lt;201&gt; but was:&lt;500&gt;" type="java.lang.AssertionError"><![CDATA[java.lang.AssertionError: Status expected:<201> but was:<500>
	at org.springframework.test.util.AssertionErrors.fail(AssertionErrors.java:59)
	at org.springframework.test.util.AssertionErrors.assertEquals(AssertionErrors.java:122)
	at org.springframework.test.web.servlet.result.StatusResultMatchers.lambda$matcher$9(StatusResultMatchers.java:637)
	at org.springframework.test.web.servlet.MockMvc$1.andExpect(MockMvc.java:214)
	at com.myblog.controller.PostControllerIntegrationTest.testIncrementLikes(PostControllerIntegrationTest.java:176)
	at java.base/java.lang.reflect.Method.invoke(Method.java:580)
	at java.base/java.util.ArrayList.forEach(ArrayList.java:1596)
	at java.base/java.util.ArrayList.forEach(ArrayList.java:1596)
]]></failure>
    <system-out><![CDATA[18:56:51.621 [main] INFO  o.s.mock.web.MockServletContext - Initializing Spring TestDispatcherServlet ''
18:56:51.621 [main] INFO  o.s.t.w.s.TestDispatcherServlet - Initializing Servlet ''
18:56:51.622 [main] INFO  o.s.t.w.s.TestDispatcherServlet - Completed initialization in 1 ms
18:56:51.623 [main] WARN  o.s.web.servlet.PageNotFound - No mapping for POST /api/posts
]]></system-out>
  </testcase>
  <testcase name="testCreatePost" classname="com.myblog.controller.PostControllerIntegrationTest" time="0.005">
    <failure message="Status expected:&lt;201&gt; but was:&lt;500&gt;" type="java.lang.AssertionError"><![CDATA[java.lang.AssertionError: Status expected:<201> but was:<500>
	at org.springframework.test.util.AssertionErrors.fail(AssertionErrors.java:59)
	at org.springframework.test.util.AssertionErrors.assertEquals(AssertionErrors.java:122)
	at org.springframework.test.web.servlet.result.StatusResultMatchers.lambda$matcher$9(StatusResultMatchers.java:637)
	at org.springframework.test.web.servlet.MockMvc$1.andExpect(MockMvc.java:214)
	at com.myblog.controller.PostControllerIntegrationTest.testCreatePost(PostControllerIntegrationTest.java:78)
	at java.base/java.lang.reflect.Method.invoke(Method.java:580)
	at java.base/java.util.ArrayList.forEach(ArrayList.java:1596)
	at java.base/java.util.ArrayList.forEach(ArrayList.java:1596)
]]></failure>
    <system-out><![CDATA[18:56:51.628 [main] INFO  o.s.mock.web.MockServletContext - Initializing Spring TestDispatcherServlet ''
18:56:51.628 [main] INFO  o.s.t.w.s.TestDispatcherServlet - Initializing Servlet ''
18:56:51.628 [main] INFO  o.s.t.w.s.TestDispatcherServlet - Completed initialization in 0 ms
18:56:51.630 [main] WARN  o.s.web.servlet.PageNotFound - No mapping for POST /api/posts
]]></system-out>
  </testcase>
  <testcase name="testDeletePost" classname="com.myblog.controller.PostControllerIntegrationTest" time="0.005">
    <failure message="Status expected:&lt;201&gt; but was:&lt;500&gt;" type="java.lang.AssertionError"><![CDATA[java.lang.AssertionError: Status expected:<201> but was:<500>
	at org.springframework.test.util.AssertionErrors.fail(AssertionErrors.java:59)
	at org.springframework.test.util.AssertionErrors.assertEquals(AssertionErrors.java:122)
	at org.springframework.test.web.servlet.result.StatusResultMatchers.lambda$matcher$9(StatusResultMatchers.java:637)
	at org.springframework.test.web.servlet.MockMvc$1.andExpect(MockMvc.java:214)
	at com.myblog.controller.PostControllerIntegrationTest.testDeletePost(PostControllerIntegrationTest.java:151)
	at java.base/java.lang.reflect.Method.invoke(Method.java:580)
	at java.base/java.util.ArrayList.forEach(ArrayList.java:1596)
	at java.base/java.util.ArrayList.forEach(ArrayList.java:1596)
]]></failure>
    <system-out><![CDATA[18:56:51.635 [main] INFO  o.s.mock.web.MockServletContext - Initializing Spring TestDispatcherServlet ''
18:56:51.635 [main] INFO  o.s.t.w.s.TestDispatcherServlet - Initializing Servlet ''
18:56:51.635 [main] INFO  o.s.t.w.s.TestDispatcherServlet - Completed initialization in 0 ms
18:56:51.637 [main] WARN  o.s.web.servlet.PageNotFound - No mapping for POST /api/posts
]]></system-out>
  </testcase>
</testsuite>