<?xml version="1.0" encoding="UTF-8"?>
<testsuite xmlns:xsi="http://www.w3.org/2001/XMLSchema-instance" xsi:noNamespaceSchemaLocation="https://maven.apache.org/surefire/maven-surefire-plugin/xsd/surefire-test-report-3.0.xsd" version="3.0" name="com.myblog.dao.PostDaoIntegrationTest" time="0.115" tests="8" errors="0" skipped="0" failures="0">
  <properties>
[...]
</properties>
  <testcase name="testFindAllPosts" classname="com.myblog.dao.PostDaoIntegrationTest" time="0.034">
    <system-out><![CDATA[18:56:51.663 [main] INFO  o.s.j.d.e.EmbeddedDatabaseFactory - Starting embedded database: url='jdbc:h2:mem:testdb;DB_CLOSE_DELAY=-1;DB_CLOSE_ON_EXIT=false', username='sa'
18:56:51.694 [main] DEBUG com.myblog.dao.impl.TagDaoImpl - Tag not found with name: java
18:56:51.701 [main] DEBUG com.myblog.dao.impl.TagDaoImpl - Tag not found with name: spring
]]></system-out>
  </testcase>
  <testcase name="testUpdatePost" classname="com.myblog.dao.PostDaoIntegrationTest" time="0.01">
    <system-out><![CDATA[18:56:51.710 [main] DEBUG com.myblog.dao.impl.TagDaoImpl - Tag not found with name: tag1
18:56:51.714 [main] DEBUG com.myblog.dao.impl.TagDaoImpl - Tag not found with name: tag2
18:56:51.714 [main] DEBUG com.myblog.dao.impl.TagDaoImpl - Tag not found with name: tag3
]]></system-out>
  </testcase>
  <testcase name="testCreateAndFindPost" classname="com.myblog.dao.PostDaoIntegrationTest" time="0.007">
    <system-out><![CDATA[18:56:51.720 [main] DEBUG com.myblog.dao.impl.TagDaoImpl - Tag not found with name: tag1
18:56:51.721 [main] DEBUG com.myblog.dao.impl.TagDaoImpl - Tag not found with name: tag2
]]></system-out>
  </testcase>
  <testcase name="testSearchPostsByTag" classname="com.myblog.dao.PostDaoIntegrationTest" time="0.008">
    <system-out><![CDATA[18:56:51.728 [main] DEBUG com.myblog.dao.impl.TagDaoImpl - Tag not found with name: java
18:56:51.728 [main] DEBUG com.myblog.dao.impl.TagDaoImpl - Tag not found with name: spring
18:56:51.730 [main] DEBUG com.myblog.dao.impl.TagDaoImpl - Tag not found with name: python
]]></system-out>
  </testcase>
  <testcase name="testIncrementLikes" classname="com.myblog.dao.PostDaoIntegrationTest" time="0.007"/>
  <testcase name="testGetTotalCount" classname="com.myblog.dao.PostDaoIntegrationTest" time="0.007"/>
  <testcase name="testDeletePost" classname="com.myblog.dao.PostDaoIntegrationTest" time="0.004">
    <system-out><![CDATA[18:56:51.752 [main] DEBUG com.myblog.dao.impl.PostDaoImpl - Post not found with id: 11
]]></system-out>
  </testcase>
  <testcase name="testSearchPostsByTitle" classname="com.myblog.dao.PostDaoIntegrationTest" time="0.006"/>
</testsuite>